[INFO] 18:21:59:636 tp0/(4508:4508): Hola soy un log!
[INFO] 18:50:11:382 tp0/(5069:5069): Hola soy un log!
[INFO] 18:50:53:126 tp0/(5127:5127): Hola soy un log!
[INFO] 18:52:04:667 tp0/(5188:5188): Hola soy un log!
[INFO] 18:53:44:473 tp0/(5258:5258): Hola soy un log!
[INFO] 18:54:06:573 tp0/(5304:5304): Hola soy un log!
[INFO] 18:58:12:384 tp0/(5453:5453): Hola soy un log!
[INFO] 18:58:36:730 tp0/(5503:5503): Hola soy un log!
[INFO] 19:00:04:239 tp0/(5615:5615): Hola soy un log!
[INFO] 19:00:04:239 tp0/(5615:5615): Clave: valor

[INFO] 19:00:04:250 tp0/(5615:5615): IP: 127.0.0.1

[INFO] 19:00:04:250 tp0/(5615:5615): Puerto: 4444

[INFO] 19:00:05:145 tp0/(5629:5629): Hola soy un log!
[INFO] 19:00:05:146 tp0/(5629:5629): Clave: valor

[INFO] 19:00:05:146 tp0/(5629:5629): IP: 127.0.0.1

[INFO] 19:00:05:146 tp0/(5629:5629): Puerto: 4444

[INFO] 19:45:35:545 tp0/(6720:6720): Hola soy un log!
[INFO] 19:45:35:546 tp0/(6720:6720): Clave: valor

[INFO] 19:45:35:546 tp0/(6720:6720): IP: 127.0.0.1

[INFO] 19:45:35:546 tp0/(6720:6720): Puerto: 4444

[INFO] 19:45:42:955 tp0/(6720:6720): hola
[INFO] 19:45:59:788 tp0/(6720:6720): hola
[INFO] 21:34:41:248 tp0/(2140:2140): Hola soy un log!
[INFO] 21:34:41:266 tp0/(2140:2140): Clave: valor

[INFO] 21:34:41:266 tp0/(2140:2140): IP: 127.0.0.1

[INFO] 21:34:41:266 tp0/(2140:2140): Puerto: 4444

[INFO] 21:40:06:946 tp0/(2316:2316): Hola soy un log!
[INFO] 21:40:06:947 tp0/(2316:2316): Clave: valor

[INFO] 21:40:06:947 tp0/(2316:2316): IP: 127.0.0.1

[INFO] 21:40:06:947 tp0/(2316:2316): Puerto: 4444

[INFO] 21:40:57:484 tp0/(2332:2332): Hola soy un log!
[INFO] 21:40:57:485 tp0/(2332:2332): Clave: valor

[INFO] 21:40:57:485 tp0/(2332:2332): IP: 127.0.0.1

[INFO] 21:40:57:485 tp0/(2332:2332): Puerto: 4444

[INFO] 21:42:20:706 tp0/(2316:2316): hola
[INFO] 21:44:28:354 tp0/(2380:2380): Hola soy un log!
[INFO] 21:44:28:357 tp0/(2380:2380): Clave: valor

[INFO] 21:44:28:360 tp0/(2380:2380): IP: 127.0.0.1

[INFO] 21:44:28:360 tp0/(2380:2380): Puerto: 4444

[INFO] 21:45:14:496 tp0/(2380:2380): hola
[INFO] 21:48:12:481 tp0/(2455:2455): Hola soy un log!
[INFO] 21:48:12:483 tp0/(2455:2455): Clave: valor

[INFO] 21:48:12:484 tp0/(2455:2455): IP: 127.0.0.1

[INFO] 21:48:12:484 tp0/(2455:2455): Puerto: 4444

[INFO] 21:50:49:041 tp0/(2496:2496): Hola soy un log!
[INFO] 21:50:49:043 tp0/(2496:2496): Clave: valor

[INFO] 21:50:49:045 tp0/(2496:2496): IP: 127.0.0.1

[INFO] 21:50:49:045 tp0/(2496:2496): Puerto: 4444

